<?xml version="1.0" encoding="UTF-8"?>
<!-- Generated by org.testng.reporters.JUnitReportReporter -->
<testsuite hostname="DESKTOP-GH7VODV" failures="0" tests="6" name="hnatiuk.tests.TestDemo" time="0.036" errors="0" timestamp="2020-01-30T20:27:40 EET" skipped="0">
  <testcase classname="hnatiuk.tests.TestDemo" name="demoTest4" time="0.004"/>
  <system-out/>
  <testcase classname="hnatiuk.tests.TestDemo" name="demoTest2" time="0.008"/>
  <system-out/>
  <testcase classname="hnatiuk.tests.TestDemo" name="demoTest4" time="0.004"/>
  <system-out/>
  <testcase classname="hnatiuk.tests.TestDemo" name="demoTest1" time="0.004"/>
  <system-out/>
  <testcase classname="hnatiuk.tests.TestDemo" name="demoTest4" time="0.012"/>
  <system-out/>
  <testcase classname="hnatiuk.tests.TestDemo" name="demoTest3" time="0.004"/>
  <system-out/>
</testsuite> <!-- hnatiuk.tests.TestDemo -->
