<?xml version="1.0" encoding="UTF-8"?>
<!-- Generated by org.testng.reporters.JUnitReportReporter -->
<testsuite hostname="DESKTOP-GH7VODV" failures="0" tests="1" name="hnatiuk.tests.TestDemo2" time="0.004" errors="0" timestamp="2020-01-30T20:27:40 EET" skipped="0">
  <testcase classname="hnatiuk.tests.TestDemo2" name="myTest" time="0.004"/>
  <system-out/>
</testsuite> <!-- hnatiuk.tests.TestDemo2 -->
